<?xml version="1.0" encoding="UTF-8"?>
<!-- Generated by org.testng.reporters.JUnitReportReporter -->
<testsuite hostname="meldas-MacBook-Pro.local" failures="0" tests="4" name="scripts.UnitedAirlinesTest" time="56.122" errors="0" timestamp="2022-06-10T18:00:45 CDT" skipped="0">
  <testcase classname="scripts.UnitedAirlinesTest" name="testUnitedAirlinesMainMenu" time="14.189"/>
  <system-out/>
  <testcase classname="scripts.UnitedAirlinesTest" name="testRadioButtons" time="14.219"/>
  <system-out/>
  <testcase classname="scripts.UnitedAirlinesTest" name="testBookWithMilesAndFlexibleDates" time="8.905"/>
  <system-out/>
  <testcase classname="scripts.UnitedAirlinesTest" name="testOneWayTicket" time="18.809"/>
  <system-out/>
</testsuite> <!-- scripts.UnitedAirlinesTest -->
